[2024-02-18 00:38:25] [INFO    ] discord.client: logging in using static token
[2024-02-18 00:38:26] [INFO    ] discord.gateway: Shard ID None has connected to Gateway (Session ID: 152dad18e43c4d8c9d86883bdeec8983).
[2024-02-18 00:38:28] [INFO    ] discord: Bot logged in as SingingIron#8606 (ID: 1200603188345184297)
[2024-02-18 00:39:06] [INFO    ] discord.voice_client: Connecting to voice...
[2024-02-18 00:39:06] [INFO    ] discord.voice_client: Starting voice handshake... (connection attempt 1)
[2024-02-18 00:39:07] [INFO    ] discord.voice_client: Voice handshake complete. Endpoint found frankfurt10080.discord.media
[2024-02-18 00:41:34] [INFO    ] discord.player: ffmpeg process 5208 has not terminated. Waiting to terminate...
[2024-02-18 00:41:34] [INFO    ] discord.player: ffmpeg process 5208 should have terminated with a return code of 1.
[2024-02-18 00:42:01] [INFO    ] discord.player: ffmpeg process 620 has not terminated. Waiting to terminate...
[2024-02-18 00:42:01] [INFO    ] discord.player: ffmpeg process 620 should have terminated with a return code of 1.
[2024-02-18 00:44:43] [INFO    ] discord.player: ffmpeg process 18652 has not terminated. Waiting to terminate...
[2024-02-18 00:44:43] [INFO    ] discord.player: ffmpeg process 18652 should have terminated with a return code of 1.
[2024-02-18 00:45:25] [INFO    ] discord.player: ffmpeg process 15264 has not terminated. Waiting to terminate...
[2024-02-18 00:45:25] [INFO    ] discord.player: ffmpeg process 15264 should have terminated with a return code of 1.
[2024-02-18 00:45:53] [INFO    ] discord.player: ffmpeg process 17784 has not terminated. Waiting to terminate...
[2024-02-18 00:45:53] [INFO    ] discord.player: ffmpeg process 17784 should have terminated with a return code of 1.
[2024-02-18 00:46:30] [INFO    ] discord.player: ffmpeg process 12872 has not terminated. Waiting to terminate...
[2024-02-18 00:46:30] [INFO    ] discord.player: ffmpeg process 12872 should have terminated with a return code of 1.
[2024-02-18 00:46:36] [INFO    ] discord.player: ffmpeg process 14592 successfully terminated with return code of 0.
[2024-02-18 00:47:05] [INFO    ] discord.player: ffmpeg process 1056 has not terminated. Waiting to terminate...
[2024-02-18 00:47:05] [INFO    ] discord.player: ffmpeg process 1056 should have terminated with a return code of 1.
[2024-02-18 00:47:36] [INFO    ] discord.player: ffmpeg process 17472 has not terminated. Waiting to terminate...
[2024-02-18 00:47:36] [INFO    ] discord.player: ffmpeg process 17472 should have terminated with a return code of 1.
[2024-02-18 00:47:51] [INFO    ] discord.player: ffmpeg process 17696 has not terminated. Waiting to terminate...
[2024-02-18 00:47:51] [INFO    ] discord.player: ffmpeg process 17696 should have terminated with a return code of 1.
[2024-02-18 00:51:35] [INFO    ] discord.player: ffmpeg process 17680 successfully terminated with return code of 0.
[2024-02-18 00:52:30] [INFO    ] discord.player: ffmpeg process 13056 has not terminated. Waiting to terminate...
[2024-02-18 00:52:30] [INFO    ] discord.player: ffmpeg process 13056 should have terminated with a return code of 1.
[2024-02-18 00:52:59] [INFO    ] discord.player: ffmpeg process 3144 has not terminated. Waiting to terminate...
[2024-02-18 00:52:59] [INFO    ] discord.player: ffmpeg process 3144 should have terminated with a return code of 1.
[2024-02-18 00:53:35] [INFO    ] discord.player: ffmpeg process 8204 has not terminated. Waiting to terminate...
[2024-02-18 00:53:35] [INFO    ] discord.player: ffmpeg process 8204 should have terminated with a return code of 1.
[2024-02-18 00:53:58] [INFO    ] discord.voice_client: Disconnected from voice by force... potentially reconnecting.
[2024-02-18 00:53:58] [INFO    ] discord.voice_client: Starting voice handshake... (connection attempt 2)
[2024-02-18 00:54:11] [INFO    ] discord.voice_client: Voice handshake complete. Endpoint found frankfurt10080.discord.media
[2024-02-18 00:54:11] [INFO    ] discord.player: ffmpeg process 19388 has not terminated. Waiting to terminate...
[2024-02-18 00:54:11] [INFO    ] discord.player: ffmpeg process 19388 should have terminated with a return code of 1.
